<?xml version="1.0" encoding="UTF-8"?>
<testng-results skipped="0" failed="0" ignored="0" total="1" passed="1">
  <reporter-output>
  </reporter-output>
  <suite name="Default suite" duration-ms="11559" started-at="2021-04-10T20:31:57Z" finished-at="2021-04-10T20:32:09Z">
    <groups>
    </groups>
    <test name="Default test" duration-ms="11559" started-at="2021-04-10T20:31:57Z" finished-at="2021-04-10T20:32:09Z">
      <class name="com.amz.qa.testcases.LoginPageTest">
        <test-method status="PASS" signature="setUP()[pri:0, instance:com.amz.qa.testcases.LoginPageTest@6f7fd0e6]" name="setUP" is-config="true" duration-ms="7040" started-at="2021-04-11T02:01:57Z" finished-at="2021-04-11T02:02:05Z">
          <reporter-output>
          </reporter-output>
        </test-method> <!-- setUP -->
        <test-method status="PASS" signature="loginTest()[pri:3, instance:com.amz.qa.testcases.LoginPageTest@6f7fd0e6]" name="loginTest" duration-ms="4490" started-at="2021-04-11T02:02:05Z" finished-at="2021-04-11T02:02:09Z">
          <reporter-output>
          </reporter-output>
        </test-method> <!-- loginTest -->
      </class> <!-- com.amz.qa.testcases.LoginPageTest -->
    </test> <!-- Default test -->
  </suite> <!-- Default suite -->
</testng-results>
